This file contains any messages produced by compilers while
running configure, to aid debugging if configure makes a mistake.

It was created by klcs configure 1.0, which was
generated by GNU Autoconf 2.69.  Invocation command line was

  $ ./configure CFLAGS=-std=gnu99 -g -Wall

## --------- ##
## Platform. ##
## --------- ##

hostname = ubuntu
uname -m = x86_64
uname -r = 3.13.0-45-generic
uname -s = Linux
uname -v = #74-Ubuntu SMP Tue Jan 13 19:36:28 UTC 2015

/usr/bin/uname -p = unknown
/bin/uname -X     = unknown

/bin/arch              = unknown
/usr/bin/arch -k       = unknown
/usr/convex/getsysinfo = unknown
/usr/bin/hostinfo      = unknown
/bin/machine           = unknown
/usr/bin/oslevel       = unknown
/bin/universe          = unknown

PATH: /home/yafei/torch/install/bin
PATH: /home/yafei/torch/install/bin
PATH: /usr/java/jdk1.8.0_31/bin
PATH: /usr/java/jdk1.8.0_31/jre/bin
PATH: /usr/java/jdk1.8.0_31
PATH: /usr/local/sbin
PATH: /usr/local/bin
PATH: /usr/sbin
PATH: /usr/bin
PATH: /sbin
PATH: /bin
PATH: /usr/games
PATH: /usr/local/games
PATH: $JAVA_HOME/bin
PATH: /opt/eclipse_cpp/eclipse


## ----------- ##
## Core tests. ##
## ----------- ##

configure:2245: checking for a BSD-compatible install
configure:2313: result: /usr/bin/install -c
configure:2324: checking whether build environment is sane
configure:2379: result: yes
configure:2530: checking for a thread-safe mkdir -p
configure:2569: result: /bin/mkdir -p
configure:2576: checking for gawk
configure:2606: result: no
configure:2576: checking for mawk
configure:2592: found /usr/bin/mawk
configure:2603: result: mawk
configure:2614: checking whether make sets $(MAKE)
configure:2636: result: yes
configure:2665: checking whether make supports nested variables
configure:2682: result: yes
configure:2858: checking for gcc
configure:2874: found /usr/bin/gcc
configure:2885: result: gcc
configure:3114: checking for C compiler version
configure:3123: gcc --version >&5
gcc (Ubuntu 4.8.2-19ubuntu1) 4.8.2
Copyright (C) 2013 Free Software Foundation, Inc.
This is free software; see the source for copying conditions.  There is NO
warranty; not even for MERCHANTABILITY or FITNESS FOR A PARTICULAR PURPOSE.

configure:3134: $? = 0
configure:3123: gcc -v >&5
Using built-in specs.
COLLECT_GCC=gcc
COLLECT_LTO_WRAPPER=/usr/lib/gcc/x86_64-linux-gnu/4.8/lto-wrapper
Target: x86_64-linux-gnu
Configured with: ../src/configure -v --with-pkgversion='Ubuntu 4.8.2-19ubuntu1' --with-bugurl=file:///usr/share/doc/gcc-4.8/README.Bugs --enable-languages=c,c++,java,go,d,fortran,objc,obj-c++ --prefix=/usr --program-suffix=-4.8 --enable-shared --enable-linker-build-id --libexecdir=/usr/lib --without-included-gettext --enable-threads=posix --with-gxx-include-dir=/usr/include/c++/4.8 --libdir=/usr/lib --enable-nls --with-sysroot=/ --enable-clocale=gnu --enable-libstdcxx-debug --enable-libstdcxx-time=yes --enable-gnu-unique-object --disable-libmudflap --enable-plugin --with-system-zlib --disable-browser-plugin --enable-java-awt=gtk --enable-gtk-cairo --with-java-home=/usr/lib/jvm/java-1.5.0-gcj-4.8-amd64/jre --enable-java-home --with-jvm-root-dir=/usr/lib/jvm/java-1.5.0-gcj-4.8-amd64 --with-jvm-jar-dir=/usr/lib/jvm-exports/java-1.5.0-gcj-4.8-amd64 --with-arch-directory=amd64 --with-ecj-jar=/usr/share/java/eclipse-ecj.jar --enable-objc-gc --enable-multiarch --disable-werror --with-arch-32=i686 --with-abi=m64 --with-multilib-list=m32,m64,mx32 --with-tune=generic --enable-checking=release --build=x86_64-linux-gnu --host=x86_64-linux-gnu --target=x86_64-linux-gnu
Thread model: posix
gcc version 4.8.2 (Ubuntu 4.8.2-19ubuntu1) 
configure:3134: $? = 0
configure:3123: gcc -V >&5
gcc: error: unrecognized command line option '-V'
gcc: fatal error: no input files
compilation terminated.
configure:3134: $? = 4
configure:3123: gcc -qversion >&5
gcc: error: unrecognized command line option '-qversion'
gcc: fatal error: no input files
compilation terminated.
configure:3134: $? = 4
configure:3154: checking whether the C compiler works
configure:3176: gcc -std=gnu99 -g -Wall   conftest.c  >&5
configure:3180: $? = 0
configure:3228: result: yes
configure:3231: checking for C compiler default output file name
configure:3233: result: a.out
configure:3239: checking for suffix of executables
configure:3246: gcc -o conftest -std=gnu99 -g -Wall   conftest.c  >&5
configure:3250: $? = 0
configure:3272: result: 
configure:3294: checking whether we are cross compiling
configure:3302: gcc -o conftest -std=gnu99 -g -Wall   conftest.c  >&5
configure:3306: $? = 0
configure:3313: ./conftest
configure:3317: $? = 0
configure:3332: result: no
configure:3337: checking for suffix of object files
configure:3359: gcc -c -std=gnu99 -g -Wall  conftest.c >&5
configure:3363: $? = 0
configure:3384: result: o
configure:3388: checking whether we are using the GNU C compiler
configure:3407: gcc -c -std=gnu99 -g -Wall  conftest.c >&5
configure:3407: $? = 0
configure:3416: result: yes
configure:3425: checking whether gcc accepts -g
configure:3445: gcc -c -g  conftest.c >&5
configure:3445: $? = 0
configure:3486: result: yes
configure:3503: checking for gcc option to accept ISO C89
configure:3566: gcc  -c -std=gnu99 -g -Wall  conftest.c >&5
configure:3566: $? = 0
configure:3579: result: none needed
configure:3604: checking whether gcc understands -c and -o together
configure:3626: gcc -c conftest.c -o conftest2.o
configure:3629: $? = 0
configure:3626: gcc -c conftest.c -o conftest2.o
configure:3629: $? = 0
configure:3641: result: yes
configure:3669: checking for style of include used by make
configure:3697: result: GNU
configure:3723: checking dependency style of gcc
configure:3834: result: gcc3
configure:3859: checking how to run the C preprocessor
configure:3890: gcc -E  conftest.c
configure:3890: $? = 0
configure:3904: gcc -E  conftest.c
conftest.c:11:28: fatal error: ac_nonexistent.h: No such file or directory
 #include <ac_nonexistent.h>
                            ^
compilation terminated.
configure:3904: $? = 1
configure: failed program was:
| /* confdefs.h */
| #define PACKAGE_NAME "klcs"
| #define PACKAGE_TARNAME "klcs"
| #define PACKAGE_VERSION "1.0"
| #define PACKAGE_STRING "klcs 1.0"
| #define PACKAGE_BUGREPORT "sangyafei1026@gmail.com"
| #define PACKAGE_URL ""
| #define PACKAGE "klcs"
| #define VERSION "1.0"
| /* end confdefs.h.  */
| #include <ac_nonexistent.h>
configure:3929: result: gcc -E
configure:3949: gcc -E  conftest.c
configure:3949: $? = 0
configure:3963: gcc -E  conftest.c
conftest.c:11:28: fatal error: ac_nonexistent.h: No such file or directory
 #include <ac_nonexistent.h>
                            ^
compilation terminated.
configure:3963: $? = 1
configure: failed program was:
| /* confdefs.h */
| #define PACKAGE_NAME "klcs"
| #define PACKAGE_TARNAME "klcs"
| #define PACKAGE_VERSION "1.0"
| #define PACKAGE_STRING "klcs 1.0"
| #define PACKAGE_BUGREPORT "sangyafei1026@gmail.com"
| #define PACKAGE_URL ""
| #define PACKAGE "klcs"
| #define VERSION "1.0"
| /* end confdefs.h.  */
| #include <ac_nonexistent.h>
configure:3992: checking for grep that handles long lines and -e
configure:4050: result: /bin/grep
configure:4055: checking for egrep
configure:4117: result: /bin/grep -E
configure:4122: checking for ANSI C header files
configure:4142: gcc -c -std=gnu99 -g -Wall  conftest.c >&5
configure:4142: $? = 0
configure:4215: gcc -o conftest -std=gnu99 -g -Wall   conftest.c  >&5
configure:4215: $? = 0
configure:4215: ./conftest
configure:4215: $? = 0
configure:4226: result: yes
configure:4239: checking for sys/types.h
configure:4239: gcc -c -std=gnu99 -g -Wall  conftest.c >&5
configure:4239: $? = 0
configure:4239: result: yes
configure:4239: checking for sys/stat.h
configure:4239: gcc -c -std=gnu99 -g -Wall  conftest.c >&5
configure:4239: $? = 0
configure:4239: result: yes
configure:4239: checking for stdlib.h
configure:4239: gcc -c -std=gnu99 -g -Wall  conftest.c >&5
configure:4239: $? = 0
configure:4239: result: yes
configure:4239: checking for string.h
configure:4239: gcc -c -std=gnu99 -g -Wall  conftest.c >&5
configure:4239: $? = 0
configure:4239: result: yes
configure:4239: checking for memory.h
configure:4239: gcc -c -std=gnu99 -g -Wall  conftest.c >&5
configure:4239: $? = 0
configure:4239: result: yes
configure:4239: checking for strings.h
configure:4239: gcc -c -std=gnu99 -g -Wall  conftest.c >&5
configure:4239: $? = 0
configure:4239: result: yes
configure:4239: checking for inttypes.h
configure:4239: gcc -c -std=gnu99 -g -Wall  conftest.c >&5
configure:4239: $? = 0
configure:4239: result: yes
configure:4239: checking for stdint.h
configure:4239: gcc -c -std=gnu99 -g -Wall  conftest.c >&5
configure:4239: $? = 0
configure:4239: result: yes
configure:4239: checking for unistd.h
configure:4239: gcc -c -std=gnu99 -g -Wall  conftest.c >&5
configure:4239: $? = 0
configure:4239: result: yes
configure:4254: checking limits.h usability
configure:4254: gcc -c -std=gnu99 -g -Wall  conftest.c >&5
configure:4254: $? = 0
configure:4254: result: yes
configure:4254: checking limits.h presence
configure:4254: gcc -E  conftest.c
configure:4254: $? = 0
configure:4254: result: yes
configure:4254: checking for limits.h
configure:4254: result: yes
configure:4254: checking for stdlib.h
configure:4254: result: yes
configure:4254: checking for string.h
configure:4254: result: yes
configure:4254: checking sys/param.h usability
configure:4254: gcc -c -std=gnu99 -g -Wall  conftest.c >&5
configure:4254: $? = 0
configure:4254: result: yes
configure:4254: checking sys/param.h presence
configure:4254: gcc -E  conftest.c
configure:4254: $? = 0
configure:4254: result: yes
configure:4254: checking for sys/param.h
configure:4254: result: yes
configure:4254: checking for unistd.h
configure:4254: result: yes
configure:4266: checking for size_t
configure:4266: gcc -c -std=gnu99 -g -Wall  conftest.c >&5
configure:4266: $? = 0
configure:4266: gcc -c -std=gnu99 -g -Wall  conftest.c >&5
conftest.c: In function 'main':
conftest.c:62:21: error: expected expression before ')' token
 if (sizeof ((size_t)))
                     ^
configure:4266: $? = 1
configure: failed program was:
| /* confdefs.h */
| #define PACKAGE_NAME "klcs"
| #define PACKAGE_TARNAME "klcs"
| #define PACKAGE_VERSION "1.0"
| #define PACKAGE_STRING "klcs 1.0"
| #define PACKAGE_BUGREPORT "sangyafei1026@gmail.com"
| #define PACKAGE_URL ""
| #define PACKAGE "klcs"
| #define VERSION "1.0"
| #define STDC_HEADERS 1
| #define HAVE_SYS_TYPES_H 1
| #define HAVE_SYS_STAT_H 1
| #define HAVE_STDLIB_H 1
| #define HAVE_STRING_H 1
| #define HAVE_MEMORY_H 1
| #define HAVE_STRINGS_H 1
| #define HAVE_INTTYPES_H 1
| #define HAVE_STDINT_H 1
| #define HAVE_UNISTD_H 1
| #define HAVE_LIMITS_H 1
| #define HAVE_STDLIB_H 1
| #define HAVE_STRING_H 1
| #define HAVE_SYS_PARAM_H 1
| #define HAVE_UNISTD_H 1
| /* end confdefs.h.  */
| #include <stdio.h>
| #ifdef HAVE_SYS_TYPES_H
| # include <sys/types.h>
| #endif
| #ifdef HAVE_SYS_STAT_H
| # include <sys/stat.h>
| #endif
| #ifdef STDC_HEADERS
| # include <stdlib.h>
| # include <stddef.h>
| #else
| # ifdef HAVE_STDLIB_H
| #  include <stdlib.h>
| # endif
| #endif
| #ifdef HAVE_STRING_H
| # if !defined STDC_HEADERS && defined HAVE_MEMORY_H
| #  include <memory.h>
| # endif
| # include <string.h>
| #endif
| #ifdef HAVE_STRINGS_H
| # include <strings.h>
| #endif
| #ifdef HAVE_INTTYPES_H
| # include <inttypes.h>
| #endif
| #ifdef HAVE_STDINT_H
| # include <stdint.h>
| #endif
| #ifdef HAVE_UNISTD_H
| # include <unistd.h>
| #endif
| int
| main ()
| {
| if (sizeof ((size_t)))
| 	    return 0;
|   ;
|   return 0;
| }
configure:4266: result: yes
configure:4281: checking for stdlib.h
configure:4281: result: yes
configure:4291: checking for GNU libc compatible malloc
configure:4315: gcc -o conftest -std=gnu99 -g -Wall   conftest.c  >&5
configure:4315: $? = 0
configure:4315: ./conftest
configure:4315: $? = 0
configure:4325: result: yes
configure:4348: checking for memset
configure:4348: gcc -o conftest -std=gnu99 -g -Wall   conftest.c  >&5
conftest.c:51:6: warning: conflicting types for built-in function 'memset' [enabled by default]
 char memset ();
      ^
configure:4348: $? = 0
configure:4348: result: yes
configure:4468: checking that generated files are newer than configure
configure:4474: result: done
configure:4497: creating ./config.status

## ---------------------- ##
## Running config.status. ##
## ---------------------- ##

This file was extended by klcs config.status 1.0, which was
generated by GNU Autoconf 2.69.  Invocation command line was

  CONFIG_FILES    = 
  CONFIG_HEADERS  = 
  CONFIG_LINKS    = 
  CONFIG_COMMANDS = 
  $ ./config.status 

on ubuntu

config.status:860: creating Makefile
config.status:860: creating config.h
config.status:1041: config.h is unchanged
config.status:1089: executing depfiles commands

## ---------------- ##
## Cache variables. ##
## ---------------- ##

ac_cv_c_compiler_gnu=yes
ac_cv_env_CC_set=
ac_cv_env_CC_value=
ac_cv_env_CFLAGS_set=set
ac_cv_env_CFLAGS_value='-std=gnu99 -g -Wall'
ac_cv_env_CPPFLAGS_set=
ac_cv_env_CPPFLAGS_value=
ac_cv_env_CPP_set=
ac_cv_env_CPP_value=
ac_cv_env_LDFLAGS_set=
ac_cv_env_LDFLAGS_value=
ac_cv_env_LIBS_set=
ac_cv_env_LIBS_value=
ac_cv_env_build_alias_set=
ac_cv_env_build_alias_value=
ac_cv_env_host_alias_set=
ac_cv_env_host_alias_value=
ac_cv_env_target_alias_set=
ac_cv_env_target_alias_value=
ac_cv_func_malloc_0_nonnull=yes
ac_cv_func_memset=yes
ac_cv_header_inttypes_h=yes
ac_cv_header_limits_h=yes
ac_cv_header_memory_h=yes
ac_cv_header_stdc=yes
ac_cv_header_stdint_h=yes
ac_cv_header_stdlib_h=yes
ac_cv_header_string_h=yes
ac_cv_header_strings_h=yes
ac_cv_header_sys_param_h=yes
ac_cv_header_sys_stat_h=yes
ac_cv_header_sys_types_h=yes
ac_cv_header_unistd_h=yes
ac_cv_objext=o
ac_cv_path_EGREP='/bin/grep -E'
ac_cv_path_GREP=/bin/grep
ac_cv_path_install='/usr/bin/install -c'
ac_cv_path_mkdir=/bin/mkdir
ac_cv_prog_AWK=mawk
ac_cv_prog_CPP='gcc -E'
ac_cv_prog_ac_ct_CC=gcc
ac_cv_prog_cc_c89=
ac_cv_prog_cc_g=yes
ac_cv_prog_make_make_set=yes
ac_cv_type_size_t=yes
am_cv_CC_dependencies_compiler_type=gcc3
am_cv_make_support_nested_variables=yes
am_cv_prog_cc_c_o=yes

## ----------------- ##
## Output variables. ##
## ----------------- ##

ACLOCAL='${SHELL} /home/yafei/workspace_for_github/klcs/missing aclocal-1.14'
AMDEPBACKSLASH='\'
AMDEP_FALSE='#'
AMDEP_TRUE=''
AMTAR='$${TAR-tar}'
AM_BACKSLASH='\'
AM_DEFAULT_V='$(AM_DEFAULT_VERBOSITY)'
AM_DEFAULT_VERBOSITY='1'
AM_V='$(V)'
AUTOCONF='${SHELL} /home/yafei/workspace_for_github/klcs/missing autoconf'
AUTOHEADER='${SHELL} /home/yafei/workspace_for_github/klcs/missing autoheader'
AUTOMAKE='${SHELL} /home/yafei/workspace_for_github/klcs/missing automake-1.14'
AWK='mawk'
CC='gcc'
CCDEPMODE='depmode=gcc3'
CFLAGS='-std=gnu99 -g -Wall'
CPP='gcc -E'
CPPFLAGS=''
CYGPATH_W='echo'
DEFS='-DHAVE_CONFIG_H'
DEPDIR='.deps'
ECHO_C=''
ECHO_N='-n'
ECHO_T=''
EGREP='/bin/grep -E'
EXEEXT=''
GREP='/bin/grep'
INSTALL_DATA='${INSTALL} -m 644'
INSTALL_PROGRAM='${INSTALL}'
INSTALL_SCRIPT='${INSTALL}'
INSTALL_STRIP_PROGRAM='$(install_sh) -c -s'
LDFLAGS=''
LIBOBJS=''
LIBS=''
LTLIBOBJS=''
MAKEINFO='${SHELL} /home/yafei/workspace_for_github/klcs/missing makeinfo'
MKDIR_P='/bin/mkdir -p'
OBJEXT='o'
PACKAGE='klcs'
PACKAGE_BUGREPORT='sangyafei1026@gmail.com'
PACKAGE_NAME='klcs'
PACKAGE_STRING='klcs 1.0'
PACKAGE_TARNAME='klcs'
PACKAGE_URL=''
PACKAGE_VERSION='1.0'
PATH_SEPARATOR=':'
SET_MAKE=''
SHELL='/bin/bash'
STRIP=''
VERSION='1.0'
ac_ct_CC='gcc'
am__EXEEXT_FALSE=''
am__EXEEXT_TRUE='#'
am__fastdepCC_FALSE='#'
am__fastdepCC_TRUE=''
am__include='include'
am__isrc=''
am__leading_dot='.'
am__nodep='_no'
am__quote=''
am__tar='$${TAR-tar} chof - "$$tardir"'
am__untar='$${TAR-tar} xf -'
bindir='${exec_prefix}/bin'
build_alias=''
datadir='${datarootdir}'
datarootdir='${prefix}/share'
docdir='${datarootdir}/doc/${PACKAGE_TARNAME}'
dvidir='${docdir}'
exec_prefix='${prefix}'
host_alias=''
htmldir='${docdir}'
includedir='${prefix}/include'
infodir='${datarootdir}/info'
install_sh='${SHELL} /home/yafei/workspace_for_github/klcs/install-sh'
libdir='${exec_prefix}/lib'
libexecdir='${exec_prefix}/libexec'
localedir='${datarootdir}/locale'
localstatedir='${prefix}/var'
mandir='${datarootdir}/man'
mkdir_p='$(MKDIR_P)'
oldincludedir='/usr/include'
pdfdir='${docdir}'
prefix='/usr/local'
program_transform_name='s,x,x,'
psdir='${docdir}'
sbindir='${exec_prefix}/sbin'
sharedstatedir='${prefix}/com'
sysconfdir='${prefix}/etc'
target_alias=''

## ----------- ##
## confdefs.h. ##
## ----------- ##

/* confdefs.h */
#define PACKAGE_NAME "klcs"
#define PACKAGE_TARNAME "klcs"
#define PACKAGE_VERSION "1.0"
#define PACKAGE_STRING "klcs 1.0"
#define PACKAGE_BUGREPORT "sangyafei1026@gmail.com"
#define PACKAGE_URL ""
#define PACKAGE "klcs"
#define VERSION "1.0"
#define STDC_HEADERS 1
#define HAVE_SYS_TYPES_H 1
#define HAVE_SYS_STAT_H 1
#define HAVE_STDLIB_H 1
#define HAVE_STRING_H 1
#define HAVE_MEMORY_H 1
#define HAVE_STRINGS_H 1
#define HAVE_INTTYPES_H 1
#define HAVE_STDINT_H 1
#define HAVE_UNISTD_H 1
#define HAVE_LIMITS_H 1
#define HAVE_STDLIB_H 1
#define HAVE_STRING_H 1
#define HAVE_SYS_PARAM_H 1
#define HAVE_UNISTD_H 1
#define HAVE_STDLIB_H 1
#define HAVE_MALLOC 1
#define HAVE_MEMSET 1

configure: exit 0

## ---------------------- ##
## Running config.status. ##
## ---------------------- ##

This file was extended by klcs config.status 1.0, which was
generated by GNU Autoconf 2.69.  Invocation command line was

  CONFIG_FILES    = 
  CONFIG_HEADERS  = 
  CONFIG_LINKS    = 
  CONFIG_COMMANDS = 
  $ ./config.status Makefile depfiles

on ubuntu

config.status:860: creating Makefile
config.status:1089: executing depfiles commands

## ---------------------- ##
## Running config.status. ##
## ---------------------- ##

This file was extended by klcs config.status 1.0, which was
generated by GNU Autoconf 2.69.  Invocation command line was

  CONFIG_FILES    = 
  CONFIG_HEADERS  = 
  CONFIG_LINKS    = 
  CONFIG_COMMANDS = 
  $ ./config.status Makefile depfiles

on ubuntu

config.status:860: creating Makefile
config.status:1089: executing depfiles commands

## ---------------------- ##
## Running config.status. ##
## ---------------------- ##

This file was extended by klcs config.status 1.0, which was
generated by GNU Autoconf 2.69.  Invocation command line was

  CONFIG_FILES    = 
  CONFIG_HEADERS  = 
  CONFIG_LINKS    = 
  CONFIG_COMMANDS = 
  $ ./config.status Makefile depfiles

on ubuntu

config.status:860: creating Makefile
config.status:1089: executing depfiles commands
